<?xml version="1.0" encoding="UTF-8"?>
<!-- Generated by org.testng.reporters.JUnitReportReporter -->
<testsuite skipped="0" hostname="Venu-HP" name="readexcelsheet.dataprovider" tests="3" failures="0" timestamp="21 Nov 2018 03:27:05 GMT" time="66.093" errors="0">
  <testcase name="testFacebook" time="22.801" classname="readexcelsheet.dataprovider"/>
  <testcase name="testFacebook" time="19.940" classname="readexcelsheet.dataprovider"/>
  <testcase name="testFacebook" time="23.352" classname="readexcelsheet.dataprovider"/>
</testsuite> <!-- readexcelsheet.dataprovider -->
